<?xml version="1.0" encoding="UTF-8"?>
<!-- Generated by org.testng.reporters.JUnitXMLReporter -->
<testsuite hostname="DESKTOP-08TC7DP" ignored="2" name="Test" tests="3" failures="1" timestamp="2021-06-16T10:55:08 IST" time="28.618" errors="0">
  <testcase name="runLoginVerify" time="4.136" classname="testcases.LoginAndVerify"/>
  <testcase name="runLoginLogout" time="2.572" classname="testcases.LoginAndLogout">
    <failure type="java.lang.RuntimeException">
      <![CDATA[java.lang.RuntimeException
at base.BaseClass.reportStep(BaseClass.java:81)
at pages.LoginPage.enterUserName(LoginPage.java:27)
at testcases.LoginAndLogout.runLoginLogout(LoginAndLogout.java:30)
at sun.reflect.NativeMethodAccessorImpl.invoke0(Native Method)
at sun.reflect.NativeMethodAccessorImpl.invoke(Unknown Source)
at sun.reflect.DelegatingMethodAccessorImpl.invoke(Unknown Source)
at java.lang.reflect.Method.invoke(Unknown Source)
at org.testng.internal.MethodInvocationHelper.invokeMethod(MethodInvocationHelper.java:134)
at org.testng.internal.TestInvoker.invokeMethod(TestInvoker.java:597)
at org.testng.internal.TestInvoker.invokeTestMethod(TestInvoker.java:173)
at org.testng.internal.MethodRunner.runInSequence(MethodRunner.java:46)
at org.testng.internal.TestInvoker$MethodInvocationAgent.invoke(TestInvoker.java:816)
at org.testng.internal.TestInvoker.invokeTestMethods(TestInvoker.java:146)
at org.testng.internal.TestMethodWorker.invokeTestMethods(TestMethodWorker.java:146)
at org.testng.internal.TestMethodWorker.run(TestMethodWorker.java:128)
at java.util.concurrent.ThreadPoolExecutor.runWorker(Unknown Source)
at java.util.concurrent.ThreadPoolExecutor$Worker.run(Unknown Source)
at java.lang.Thread.run(Unknown Source)
]]>
    </failure>
  </testcase> <!-- runLoginLogout -->
  <testcase name="runLoginVerify" time="1.468" classname="testcases.LoginAndVerify"/>
  <testcase name="@BeforeSuite startReport" time="0.0" classname="base.BaseClass">
    <ignored/>
  </testcase> <!-- @BeforeSuite startReport -->
  <testcase name="@AfterSuite endReport" time="0.0" classname="base.BaseClass">
    <ignored/>
  </testcase> <!-- @AfterSuite endReport -->
</testsuite> <!-- Test -->
