<?xml version="1.0" encoding="UTF-8"?>
<testng-results skipped="0" failed="1" ignored="2" total="5" passed="2">
  <reporter-output>
  </reporter-output>
  <suite name="Suite" duration-ms="28618" started-at="2021-06-16T10:54:39 IST" finished-at="2021-06-16T10:55:08 IST">
    <groups>
    </groups>
    <test name="Test" duration-ms="28618" started-at="2021-06-16T10:54:39 IST" finished-at="2021-06-16T10:55:08 IST">
      <class name="testcases.LoginAndVerify">
        <test-method status="PASS" signature="setFile()[pri:0, instance:testcases.LoginAndVerify@5f3a4b84]" name="setFile" is-config="true" duration-ms="0" started-at="2021-06-16T10:54:39 IST" finished-at="2021-06-16T10:54:39 IST">
          <reporter-output>
          </reporter-output>
        </test-method> <!-- setFile -->
        <test-method status="PASS" signature="testDetails()[pri:0, instance:testcases.LoginAndVerify@5f3a4b84]" name="testDetails" is-config="true" duration-ms="11" started-at="2021-06-16T10:54:39 IST" finished-at="2021-06-16T10:54:39 IST">
          <reporter-output>
          </reporter-output>
        </test-method> <!-- testDetails -->
        <test-method status="PASS" signature="preCondition()[pri:0, instance:testcases.LoginAndVerify@5f3a4b84]" name="preCondition" is-config="true" duration-ms="13087" started-at="2021-06-16T10:54:42 IST" finished-at="2021-06-16T10:54:55 IST">
          <reporter-output>
          </reporter-output>
        </test-method> <!-- preCondition -->
        <test-method status="PASS" signature="runLoginVerify(java.lang.String, java.lang.String)[pri:0, instance:testcases.LoginAndVerify@5f3a4b84]" name="runLoginVerify" duration-ms="4136" started-at="2021-06-16T10:54:55 IST" data-provider="fetchData" finished-at="2021-06-16T10:55:00 IST">
          <params>
            <param index="0">
              <value>
                <![CDATA[Demosalesmanager]]>
              </value>
            </param>
            <param index="1">
              <value>
                <![CDATA[crmsfa]]>
              </value>
            </param>
          </params>
          <reporter-output>
          </reporter-output>
        </test-method> <!-- runLoginVerify -->
        <test-method status="PASS" signature="postCondition()[pri:0, instance:testcases.LoginAndVerify@5f3a4b84]" name="postCondition" is-config="true" duration-ms="2339" started-at="2021-06-16T10:55:00 IST" finished-at="2021-06-16T10:55:02 IST">
          <reporter-output>
          </reporter-output>
        </test-method> <!-- postCondition -->
        <test-method status="PASS" signature="preCondition()[pri:0, instance:testcases.LoginAndVerify@5f3a4b84]" name="preCondition" is-config="true" duration-ms="4168" started-at="2021-06-16T10:55:02 IST" finished-at="2021-06-16T10:55:06 IST">
          <reporter-output>
          </reporter-output>
        </test-method> <!-- preCondition -->
        <test-method status="PASS" signature="runLoginVerify(java.lang.String, java.lang.String)[pri:0, instance:testcases.LoginAndVerify@5f3a4b84]" name="runLoginVerify" duration-ms="1468" started-at="2021-06-16T10:55:06 IST" data-provider="fetchData" finished-at="2021-06-16T10:55:08 IST">
          <params>
            <param index="0">
              <value>
                <![CDATA[DemoCSR]]>
              </value>
            </param>
            <param index="1">
              <value>
                <![CDATA[crmsfa]]>
              </value>
            </param>
          </params>
          <reporter-output>
          </reporter-output>
        </test-method> <!-- runLoginVerify -->
        <test-method status="PASS" signature="postCondition()[pri:0, instance:testcases.LoginAndVerify@5f3a4b84]" name="postCondition" is-config="true" duration-ms="241" started-at="2021-06-16T10:55:08 IST" finished-at="2021-06-16T10:55:08 IST">
          <reporter-output>
          </reporter-output>
        </test-method> <!-- postCondition -->
      </class> <!-- testcases.LoginAndVerify -->
      <class name="testcases.LoginAndLogout">
        <test-method status="PASS" signature="startReport()[pri:0, instance:testcases.LoginAndLogout@5bcea91b]" name="startReport" is-config="true" duration-ms="836" started-at="2021-06-16T10:54:38 IST" finished-at="2021-06-16T10:54:39 IST">
          <reporter-output>
          </reporter-output>
        </test-method> <!-- startReport -->
        <test-method status="PASS" signature="setInfo()[pri:0, instance:testcases.LoginAndLogout@5bcea91b]" name="setInfo" is-config="true" duration-ms="1" started-at="2021-06-16T10:54:39 IST" finished-at="2021-06-16T10:54:39 IST">
          <reporter-output>
          </reporter-output>
        </test-method> <!-- setInfo -->
        <test-method status="PASS" signature="testDetails()[pri:0, instance:testcases.LoginAndLogout@5bcea91b]" name="testDetails" is-config="true" duration-ms="11" started-at="2021-06-16T10:54:39 IST" finished-at="2021-06-16T10:54:39 IST">
          <reporter-output>
          </reporter-output>
        </test-method> <!-- testDetails -->
        <test-method status="PASS" signature="preCondition()[pri:0, instance:testcases.LoginAndLogout@5bcea91b]" name="preCondition" is-config="true" duration-ms="14884" started-at="2021-06-16T10:54:42 IST" finished-at="2021-06-16T10:54:57 IST">
          <reporter-output>
          </reporter-output>
        </test-method> <!-- preCondition -->
        <test-method status="FAIL" signature="runLoginLogout(java.lang.String, java.lang.String)[pri:0, instance:testcases.LoginAndLogout@5bcea91b]" name="runLoginLogout" duration-ms="2572" started-at="2021-06-16T10:54:57 IST" data-provider="fetchData" finished-at="2021-06-16T10:55:00 IST">
          <params>
            <param index="0">
              <value>
                <![CDATA[Demosalesmanager]]>
              </value>
            </param>
            <param index="1">
              <value>
                <![CDATA[crmsfa]]>
              </value>
            </param>
          </params>
          <exception class="java.lang.RuntimeException">
            <full-stacktrace>
              <![CDATA[java.lang.RuntimeException
at base.BaseClass.reportStep(BaseClass.java:81)
at pages.LoginPage.enterUserName(LoginPage.java:27)
at testcases.LoginAndLogout.runLoginLogout(LoginAndLogout.java:30)
at sun.reflect.NativeMethodAccessorImpl.invoke0(Native Method)
at sun.reflect.NativeMethodAccessorImpl.invoke(Unknown Source)
at sun.reflect.DelegatingMethodAccessorImpl.invoke(Unknown Source)
at java.lang.reflect.Method.invoke(Unknown Source)
at org.testng.internal.MethodInvocationHelper.invokeMethod(MethodInvocationHelper.java:134)
at org.testng.internal.TestInvoker.invokeMethod(TestInvoker.java:597)
at org.testng.internal.TestInvoker.invokeTestMethod(TestInvoker.java:173)
at org.testng.internal.MethodRunner.runInSequence(MethodRunner.java:46)
at org.testng.internal.TestInvoker$MethodInvocationAgent.invoke(TestInvoker.java:816)
at org.testng.internal.TestInvoker.invokeTestMethods(TestInvoker.java:146)
at org.testng.internal.TestMethodWorker.invokeTestMethods(TestMethodWorker.java:146)
at org.testng.internal.TestMethodWorker.run(TestMethodWorker.java:128)
at java.util.concurrent.ThreadPoolExecutor.runWorker(Unknown Source)
at java.util.concurrent.ThreadPoolExecutor$Worker.run(Unknown Source)
at java.lang.Thread.run(Unknown Source)
]]>
            </full-stacktrace>
          </exception> <!-- java.lang.RuntimeException -->
          <reporter-output>
          </reporter-output>
        </test-method> <!-- runLoginLogout -->
        <test-method status="PASS" signature="postCondition()[pri:0, instance:testcases.LoginAndLogout@5bcea91b]" name="postCondition" is-config="true" duration-ms="2153" started-at="2021-06-16T10:55:00 IST" finished-at="2021-06-16T10:55:02 IST">
          <reporter-output>
          </reporter-output>
        </test-method> <!-- postCondition -->
        <test-method status="PASS" signature="endReport()[pri:0, instance:testcases.LoginAndLogout@5bcea91b]" name="endReport" is-config="true" duration-ms="1034" started-at="2021-06-16T10:55:08 IST" finished-at="2021-06-16T10:55:09 IST">
          <reporter-output>
          </reporter-output>
        </test-method> <!-- endReport -->
      </class> <!-- testcases.LoginAndLogout -->
    </test> <!-- Test -->
  </suite> <!-- Suite -->
</testng-results>
